

Microchip MPLAB XC8 Assembler V2.45 build 20230818022343 
                                                                                               Tue Feb 06 19:15:59 2024

Microchip MPLAB XC8 C Compiler v2.45 (Free license) build 20230818022343 Og1 
     1                           	processor	18F67K40
     2                           	fnconf	rparam,??,?,0
     3                           	pagewidth 120
     4                           	opt	flic
     5                           	psect	cinit,global,reloc=2,class=CODE,delta=1
     6                           	psect	bssCOMRAM,global,class=COMRAM,space=1,delta=1,lowdata,noexec
     7                           	psect	cstackCOMRAM,global,class=COMRAM,space=1,delta=1,lowdata,noexec
     8                           	psect	text0,global,reloc=2,class=CODE,delta=1
     9                           	psect	text1,global,reloc=2,class=CODE,delta=1
    10                           	psect	text2,global,reloc=2,class=CODE,delta=1
    11                           	psect	text3,global,reloc=2,class=CODE,delta=1
    12                           	psect	text4,global,reloc=2,class=CODE,delta=1
    13                           	psect	intcodelo,global,reloc=2,class=CODE,delta=1
    14                           	psect	intcode,global,reloc=2,class=CODE,delta=1
    15                           	psect	intcode_body,global,reloc=2,class=CODE,delta=1
    16                           	psect	smallconst,global,reloc=2,class=SMALLCONST,delta=1,noexec
    17                           	psect	intsave_regs,global,class=BIGRAM,space=1,delta=1,noexec
    18                           	psect	rparam,global,class=COMRAM,space=1,delta=1,noexec
    19                           	psect	temp,global,ovrld,common,class=COMRAM,space=1,delta=1
    20                           	psect	config,global,abs,ovrld,class=CONFIG,space=4,delta=1,noexec
    21   000000                     
    22                           ; Generated 21/07/2023 GMT
    23                           ; 
    24                           ; Copyright © 2023, Microchip Technology Inc. and its subsidiaries ("Microchip")
    25                           ; All rights reserved.
    26                           ; 
    27                           ; This software is developed by Microchip Technology Inc. and its subsidiaries ("Microch
      +                          ip").
    28                           ; 
    29                           ; Redistribution and use in source and binary forms, with or without modification, are
    30                           ; permitted provided that the following conditions are met:
    31                           ; 
    32                           ;     1. Redistributions of source code must retain the above copyright notice, this lis
      +                          t of
    33                           ;        conditions and the following disclaimer.
    34                           ; 
    35                           ;     2. Redistributions in binary form must reproduce the above copyright notice, this 
      +                          list
    36                           ;        of conditions and the following disclaimer in the documentation and/or other
    37                           ;        materials provided with the distribution. Publication is not required when
    38                           ;        this file is used in an embedded application.
    39                           ; 
    40                           ;     3. Microchip's name may not be used to endorse or promote products derived from th
      +                          is
    41                           ;        software without specific prior written permission.
    42                           ; 
    43                           ; THIS SOFTWARE IS PROVIDED BY MICROCHIP "AS IS" AND ANY EXPRESS OR IMPLIED WARRANTIES,
    44                           ; INCLUDING, BUT NOT LIMITED TO, THE IMPLIED WARRANTIES OF MERCHANTABILITY AND FITNESS F
      +                          OR
    45                           ; PURPOSE ARE DISCLAIMED.  IN NO EVENT SHALL MICROCHIP BE LIABLE FOR ANY DIRECT, INDIREC
      +                          T,
    46                           ; INCIDENTAL, SPECIAL, EXEMPLARY, OR CONSEQUENTIAL DAMAGES (INCLUDING BUT NOT LIMITED TO
    47                           ; PROCUREMENT OF SUBSTITUTE GOODS OR SERVICES; LOSS OF USE, DATA OR PROFITS; OR BUSINESS
    48                           ; INTERRUPTION) HOWSOEVER CAUSED AND ON ANY THEORY OF LIABILITY, WHETHER IN CONTRACT, ST
      +                          RICT
    49                           ; LIABILITY, OR TORT (INCLUDING NEGLIGENCE OR OTHERWISE) ARISING IN ANY WAY OUT OF THE U
      +                          SE OF
    50                           ; THIS SOFTWARE, EVEN IF ADVISED OF THE POSSIBILITY OF SUCH DAMAGE.
    51                           ; 
    52                           ; 
    53                           ; Code-generator required, PIC18F67K40 Definitions
    54                           ; 
    55                           ; SFR Addresses
    56   000000                     _CM1CON1bits	set	3793
    57   000000                     _TRISG	set	3975
    58   000000                     _TRISFbits	set	3974
    59   000000                     _LATG	set	3967
    60   000000                     _LATFbits	set	3966
    61   000000                     _LATHbits	set	3968
    62   000000                     _TRISHbits	set	3976
    63   000000                     _LATBbits	set	3962
    64   000000                     _LATAbits	set	3961
    65   000000                     _LATGbits	set	3967
    66   000000                     _IPR0bits	set	3615
    67   000000                     _PIE0bits	set	3625
    68   000000                     _LATEbits	set	3965
    69   000000                     _TRISEbits	set	3973
    70   000000                     _PORTEbits	set	3981
    71   000000                     _TRISB	set	3970
    72   000000                     _TRISA	set	3969
    73   000000                     _TMR0L	set	4051
    74   000000                     _TMR0H	set	4052
    75   000000                     _T0CON0bits	set	4053
    76   000000                     _T0CON1bits	set	4054
    77   000000                     _INTCONbits	set	4082
    78   000000                     _PIE2bits	set	3627
    79   000000                     _PIR0bits	set	3635
    80   000000                     _PIR2bits	set	3637
    81   000000                     _ANSELFbits	set	3764
    82   000000                     _LATA	set	3961
    83   000000                     _IPR2bits	set	3617
    84   000000                     _LATB	set	3962
    85   000000                     _DAC1CON0bits	set	3782
    86   000000                     _CM1CON0bits	set	3792
    87   000000                     _CM1NCHbits	set	3794
    88   000000                     _DAC1CON1bits	set	3783
    89   000000                     _CM1PCHbits	set	3795
    90                           
    91                           ; #config settings
    92                           
    93                           	psect	cinit
    94   001034                     __pcinit:
    95                           	callstack 0
    96   001034                     start_initialization:
    97                           	callstack 0
    98   001034                     __initialization:
    99                           	callstack 0
   100                           
   101                           ; Clear objects allocated to COMRAM (6 bytes)
   102   001034  6A11               	clrf	(__pbssCOMRAM+5)& (0+255),c
   103   001036  6A10               	clrf	(__pbssCOMRAM+4)& (0+255),c
   104   001038  6A0F               	clrf	(__pbssCOMRAM+3)& (0+255),c
   105   00103A  6A0E               	clrf	(__pbssCOMRAM+2)& (0+255),c
   106   00103C  6A0D               	clrf	(__pbssCOMRAM+1)& (0+255),c
   107   00103E  6A0C               	clrf	__pbssCOMRAM& (0+255),c
   108   001040                     end_of_initialization:
   109                           	callstack 0
   110   001040                     __end_of__initialization:
   111                           	callstack 0
   112   001040  9012               	bcf	int$flags,0,c	;clear compiler interrupt flag (level 1)
   113   001042  9212               	bcf	int$flags,1,c	;clear compiler interrupt flag (level 2)
   114   001044  0100               	movlb	0
   115   001046  EF01  F007         	goto	_main	;jump to C main() function
   116                           
   117                           	psect	bssCOMRAM
   118   00000C                     __pbssCOMRAM:
   119                           	callstack 0
   120   00000C                     calc_max_PPM@loopCounter:
   121                           	callstack 0
   122   00000C                     	ds	4
   123   000010                     _hour:
   124                           	callstack 0
   125   000010                     	ds	2
   126                           
   127                           	psect	cstackCOMRAM
   128   000001                     __pcstackCOMRAM:
   129                           	callstack 0
   130   000001                     ??_HighISR:
   131   000001                     
   132                           ; 1 bytes @ 0x0
   133   000001                     	ds	1
   134   000002                     ??_LowISR:
   135                           
   136                           ; 1 bytes @ 0x1
   137   000002                     	ds	3
   138   000005                     LEDarray_disp_bin@number:
   139                           	callstack 0
   140                           
   141                           ; 2 bytes @ 0x4
   142   000005                     	ds	2
   143   000007                     ??_main:
   144                           
   145                           ; 1 bytes @ 0x6
   146   000007                     	ds	1
   147   000008                     main@light_state:
   148                           	callstack 0
   149                           
   150                           ; 2 bytes @ 0x7
   151   000008                     	ds	2
   152   00000A                     main@hour:
   153                           	callstack 0
   154                           
   155                           ; 2 bytes @ 0x9
   156   00000A                     	ds	2
   157                           
   158 ;;
   159 ;;Main: autosize = 0, tempsize = 1, incstack = 0, save=0
   160 ;;
   161 ;; *************** function _main *****************
   162 ;; Defined at:
   163 ;;		line 17 in file "main.c"
   164 ;; Parameters:    Size  Location     Type
   165 ;;		None
   166 ;; Auto vars:     Size  Location     Type
   167 ;;  hour            2    9[COMRAM] unsigned int 
   168 ;;  light_state     2    7[COMRAM] unsigned int 
   169 ;; Return value:  Size  Location     Type
   170 ;;                  1    wreg      void 
   171 ;; Registers used:
   172 ;;		wreg, status,2, status,0, cstack
   173 ;; Tracked objects:
   174 ;;		On entry : 0/0
   175 ;;		On exit  : 0/0
   176 ;;		Unchanged: 0/0
   177 ;; Data sizes:     COMRAM   BANK0   BANK1   BANK2   BANK3   BANK4   BANK5   BANK6   BANK7   BANK8   BANK9  BANK10  BANK1
      +1  BANK12  BANK13
   178 ;;      Params:         0       0       0       0       0       0       0       0       0       0       0       0       
      +0       0       0
   179 ;;      Locals:         4       0       0       0       0       0       0       0       0       0       0       0       
      +0       0       0
   180 ;;      Temps:          1       0       0       0       0       0       0       0       0       0       0       0       
      +0       0       0
   181 ;;      Totals:         5       0       0       0       0       0       0       0       0       0       0       0       
      +0       0       0
   182 ;;Total ram usage:        5 bytes
   183 ;; Hardware stack levels required when called: 3
   184 ;; This function calls:
   185 ;;		_Interrupts_init
   186 ;;		_LEDarray_disp_bin
   187 ;;		_LEDarray_init
   188 ;;		_Timer0_init
   189 ;; This function is called by:
   190 ;;		Startup code after reset
   191 ;; This function uses a non-reentrant model
   192 ;;
   193                           
   194                           	psect	text0
   195   000E02                     __ptext0:
   196                           	callstack 0
   197   000E02                     _main:
   198                           	callstack 28
   199   000E02                     
   200                           ;main.c: 19:     unsigned int light_state;;main.c: 20:     TRISEbits.TRISE7 = 1;
   201   000E02  8E85               	bsf	133,7,c	;volatile
   202                           
   203                           ;main.c: 21:     LATEbits.LATE7 = 0;
   204   000E04  9E7D               	bcf	125,7,c	;volatile
   205                           
   206                           ;main.c: 22:     TRISHbits.TRISH3= 0;
   207   000E06  9688               	bcf	136,3,c	;volatile
   208                           
   209                           ;main.c: 23:     LATHbits.LATH3 = 0;
   210   000E08  9680               	bcf	128,3,c	;volatile
   211   000E0A                     
   212                           ;main.c: 25:     Interrupts_init();
   213   000E0A  EC25  F008         	call	_Interrupts_init	;wreg free
   214   000E0E                     
   215                           ;main.c: 26:     Timer0_init();
   216   000E0E  ECEF  F007         	call	_Timer0_init	;wreg free
   217   000E12                     
   218                           ;main.c: 27:     LEDarray_init();
   219   000E12  EC06  F008         	call	_LEDarray_init	;wreg free
   220   000E16                     l1082:
   221                           
   222                           ;main.c: 31:         unsigned int hour;;main.c: 32:         if (PORTEbits.RE7 != PORTEbi
      +                          ts.RE7) {
   223   000E16  BE8D               	btfsc	141,7,c	;volatile
   224   000E18  EF10  F007         	goto	u391
   225   000E1C  EF13  F007         	goto	u390
   226   000E20                     u391:
   227   000E20  0E01               	movlw	1
   228   000E22  EF14  F007         	goto	u392
   229   000E26                     u390:
   230   000E26  0E00               	movlw	0
   231   000E28                     u392:
   232   000E28  6E07               	movwf	??_main^0,c
   233   000E2A  BE8D               	btfsc	141,7,c	;volatile
   234   000E2C  EF1A  F007         	goto	u401
   235   000E30  EF1D  F007         	goto	u400
   236   000E34                     u401:
   237   000E34  0E01               	movlw	1
   238   000E36  EF1E  F007         	goto	u402
   239   000E3A                     u400:
   240   000E3A  0E00               	movlw	0
   241   000E3C                     u402:
   242   000E3C  1A07               	xorwf	??_main^0,f,c
   243   000E3E  B4D8               	btfsc	status,2,c
   244   000E40  EF24  F007         	goto	u411
   245   000E44  EF26  F007         	goto	u410
   246   000E48                     u411:
   247   000E48  EF28  F007         	goto	l1086
   248   000E4C                     u410:
   249   000E4C                     
   250                           ;main.c: 33:             hour++;
   251   000E4C  4A0A               	infsnz	main@hour^0,f,c
   252   000E4E  2A0B               	incf	(main@hour+1)^0,f,c
   253   000E50                     l1086:
   254                           
   255                           ;main.c: 38:         if (hour == 24) {hour = 0;}
   256   000E50  0E18               	movlw	24
   257   000E52  180A               	xorwf	main@hour^0,w,c
   258   000E54  100B               	iorwf	(main@hour+1)^0,w,c
   259   000E56  A4D8               	btfss	status,2,c
   260   000E58  EF30  F007         	goto	u421
   261   000E5C  EF32  F007         	goto	u420
   262   000E60                     u421:
   263   000E60  EF36  F007         	goto	l1090
   264   000E64                     u420:
   265   000E64  0E00               	movlw	0
   266   000E66  6E0B               	movwf	(main@hour+1)^0,c
   267   000E68  0E00               	movlw	0
   268   000E6A  6E0A               	movwf	main@hour^0,c
   269   000E6C                     l1090:
   270                           
   271                           ;main.c: 40:         LEDarray_disp_bin(hour);
   272   000E6C  C00A  F005         	movff	main@hour,LEDarray_disp_bin@number
   273   000E70  C00B  F006         	movff	main@hour+1,LEDarray_disp_bin@number+1
   274   000E74  EC6D  F007         	call	_LEDarray_disp_bin	;wreg free
   275   000E78                     
   276                           ;main.c: 43:         if (hour < 5 && hour > 1) {
   277   000E78  500B               	movf	(main@hour+1)^0,w,c
   278   000E7A  E107               	bnz	u431
   279   000E7C  0E05               	movlw	5
   280   000E7E  5C0A               	subwf	main@hour^0,w,c
   281   000E80  B0D8               	btfsc	status,0,c
   282   000E82  EF45  F007         	goto	u431
   283   000E86  EF47  F007         	goto	u430
   284   000E8A                     u431:
   285   000E8A  EF58  F007         	goto	l1098
   286   000E8E                     u430:
   287   000E8E  500B               	movf	(main@hour+1)^0,w,c
   288   000E90  E109               	bnz	u440
   289   000E92  0E02               	movlw	2
   290   000E94  5C0A               	subwf	main@hour^0,w,c
   291   000E96  A0D8               	btfss	status,0,c
   292   000E98  EF50  F007         	goto	u441
   293   000E9C  EF52  F007         	goto	u440
   294   000EA0                     u441:
   295   000EA0  EF58  F007         	goto	l1098
   296   000EA4                     u440:
   297   000EA4                     
   298                           ;main.c: 44:             light_state = 0;
   299   000EA4  0E00               	movlw	0
   300   000EA6  6E09               	movwf	(main@light_state+1)^0,c
   301   000EA8  0E00               	movlw	0
   302   000EAA  6E08               	movwf	main@light_state^0,c
   303                           
   304                           ;main.c: 45:         }
   305   000EAC  EF5C  F007         	goto	l1100
   306   000EB0                     l1098:
   307   000EB0  0E00               	movlw	0
   308   000EB2  6E09               	movwf	(main@light_state+1)^0,c
   309   000EB4  0E01               	movlw	1
   310   000EB6  6E08               	movwf	main@light_state^0,c
   311   000EB8                     l1100:
   312                           
   313                           ;main.c: 48:         if (light_state == 1){
   314   000EB8  0408               	decf	main@light_state^0,w,c
   315   000EBA  1009               	iorwf	(main@light_state+1)^0,w,c
   316   000EBC  A4D8               	btfss	status,2,c
   317   000EBE  EF63  F007         	goto	u451
   318   000EC2  EF65  F007         	goto	u450
   319   000EC6                     u451:
   320   000EC6  EF68  F007         	goto	l28
   321   000ECA                     u450:
   322   000ECA                     
   323                           ;main.c: 49:             LATHbits.LATH3 = 1;
   324   000ECA  8680               	bsf	128,3,c	;volatile
   325                           
   326                           ;main.c: 50:         }
   327   000ECC  EF0B  F007         	goto	l1082
   328   000ED0                     l28:
   329   000ED0  9680               	bcf	128,3,c	;volatile
   330   000ED2  EF0B  F007         	goto	l1082
   331   000ED6  EF2C  F000         	goto	start
   332   000EDA                     __end_of_main:
   333                           	callstack 0
   334                           
   335 ;; *************** function _Timer0_init *****************
   336 ;; Defined at:
   337 ;;		line 9 in file "timers.c"
   338 ;; Parameters:    Size  Location     Type
   339 ;;		None
   340 ;; Auto vars:     Size  Location     Type
   341 ;;		None
   342 ;; Return value:  Size  Location     Type
   343 ;;                  1    wreg      void 
   344 ;; Registers used:
   345 ;;		wreg, status,2
   346 ;; Tracked objects:
   347 ;;		On entry : 0/0
   348 ;;		On exit  : 0/0
   349 ;;		Unchanged: 0/0
   350 ;; Data sizes:     COMRAM   BANK0   BANK1   BANK2   BANK3   BANK4   BANK5   BANK6   BANK7   BANK8   BANK9  BANK10  BANK1
      +1  BANK12  BANK13
   351 ;;      Params:         0       0       0       0       0       0       0       0       0       0       0       0       
      +0       0       0
   352 ;;      Locals:         0       0       0       0       0       0       0       0       0       0       0       0       
      +0       0       0
   353 ;;      Temps:          0       0       0       0       0       0       0       0       0       0       0       0       
      +0       0       0
   354 ;;      Totals:         0       0       0       0       0       0       0       0       0       0       0       0       
      +0       0       0
   355 ;;Total ram usage:        0 bytes
   356 ;; Hardware stack levels used: 1
   357 ;; Hardware stack levels required when called: 2
   358 ;; This function calls:
   359 ;;		Nothing
   360 ;; This function is called by:
   361 ;;		_main
   362 ;; This function uses a non-reentrant model
   363 ;;
   364                           
   365                           	psect	text1
   366   000FDE                     __ptext1:
   367                           	callstack 0
   368   000FDE                     _Timer0_init:
   369                           	callstack 28
   370   000FDE                     
   371                           ;timers.c: 11:     T0CON1bits.T0CS=0b010;
   372   000FDE  50D6               	movf	214,w,c	;volatile
   373   000FE0  0B1F               	andlw	-225
   374   000FE2  0940               	iorlw	64
   375   000FE4  6ED6               	movwf	214,c	;volatile
   376   000FE6                     
   377                           ;timers.c: 12:     T0CON1bits.T0ASYNC=1;
   378   000FE6  88D6               	bsf	214,4,c	;volatile
   379                           
   380                           ;timers.c: 13:     T0CON1bits.T0CKPS=0b1000;
   381   000FE8  50D6               	movf	214,w,c	;volatile
   382   000FEA  0BF0               	andlw	-16
   383   000FEC  0908               	iorlw	8
   384   000FEE  6ED6               	movwf	214,c	;volatile
   385   000FF0                     
   386                           ;timers.c: 14:     T0CON0bits.T016BIT=1;
   387   000FF0  88D5               	bsf	213,4,c	;volatile
   388   000FF2                     
   389                           ;timers.c: 16:     PIE0bits.TMR0IE = 1;
   390   000FF2  010E               	movlb	14	; () banked
   391   000FF4  8B29               	bsf	41,5,b	;volatile
   392   000FF6                     
   393                           ; BSR set to: 14
   394                           ;timers.c: 17:     PIR0bits.TMR0IF = 0;
   395   000FF6  9B33               	bcf	51,5,b	;volatile
   396   000FF8                     
   397                           ; BSR set to: 14
   398                           ;timers.c: 18:     IPR0bits.TMR0IP = 0;
   399   000FF8  9B1F               	bcf	31,5,b	;volatile
   400   000FFA                     
   401                           ; BSR set to: 14
   402                           ;timers.c: 19:     INTCONbits.IPEN = 1;
   403   000FFA  8AF2               	bsf	242,5,c	;volatile
   404   000FFC                     
   405                           ; BSR set to: 14
   406                           ;timers.c: 20:     INTCONbits.PEIE = 1;
   407   000FFC  8CF2               	bsf	242,6,c	;volatile
   408   000FFE                     
   409                           ; BSR set to: 14
   410                           ;timers.c: 21:     INTCONbits.GIE = 1;
   411   000FFE  8EF2               	bsf	242,7,c	;volatile
   412                           
   413                           ;timers.c: 24:     TMR0H=00001011;
   414   001000  0E09               	movlw	9
   415   001002  6ED4               	movwf	212,c	;volatile
   416                           
   417                           ;timers.c: 25:     TMR0L=110011011;
   418   001004  0E83               	movlw	131
   419   001006  6ED3               	movwf	211,c	;volatile
   420   001008                     
   421                           ; BSR set to: 14
   422                           ;timers.c: 26:     T0CON0bits.T0EN=1;
   423   001008  8ED5               	bsf	213,7,c	;volatile
   424   00100A                     
   425                           ; BSR set to: 14
   426   00100A  0012               	return		;funcret
   427   00100C                     __end_of_Timer0_init:
   428                           	callstack 0
   429                           
   430 ;; *************** function _LEDarray_init *****************
   431 ;; Defined at:
   432 ;;		line 8 in file "LEDarray.c"
   433 ;; Parameters:    Size  Location     Type
   434 ;;		None
   435 ;; Auto vars:     Size  Location     Type
   436 ;;		None
   437 ;; Return value:  Size  Location     Type
   438 ;;                  1    wreg      void 
   439 ;; Registers used:
   440 ;;		wreg, status,2
   441 ;; Tracked objects:
   442 ;;		On entry : 0/0
   443 ;;		On exit  : 0/0
   444 ;;		Unchanged: 0/0
   445 ;; Data sizes:     COMRAM   BANK0   BANK1   BANK2   BANK3   BANK4   BANK5   BANK6   BANK7   BANK8   BANK9  BANK10  BANK1
      +1  BANK12  BANK13
   446 ;;      Params:         0       0       0       0       0       0       0       0       0       0       0       0       
      +0       0       0
   447 ;;      Locals:         0       0       0       0       0       0       0       0       0       0       0       0       
      +0       0       0
   448 ;;      Temps:          0       0       0       0       0       0       0       0       0       0       0       0       
      +0       0       0
   449 ;;      Totals:         0       0       0       0       0       0       0       0       0       0       0       0       
      +0       0       0
   450 ;;Total ram usage:        0 bytes
   451 ;; Hardware stack levels used: 1
   452 ;; Hardware stack levels required when called: 2
   453 ;; This function calls:
   454 ;;		Nothing
   455 ;; This function is called by:
   456 ;;		_main
   457 ;; This function uses a non-reentrant model
   458 ;;
   459                           
   460                           	psect	text2
   461   00100C                     __ptext2:
   462                           	callstack 0
   463   00100C                     _LEDarray_init:
   464                           	callstack 28
   465   00100C                     
   466                           ;LEDarray.c: 10:     LATA = 0;
   467   00100C  0E00               	movlw	0
   468   00100E  6E79               	movwf	121,c	;volatile
   469                           
   470                           ;LEDarray.c: 11:     LATB = 0;
   471   001010  0E00               	movlw	0
   472   001012  6E7A               	movwf	122,c	;volatile
   473   001014                     
   474                           ;LEDarray.c: 12:     LATFbits.LATF0 = 0;
   475   001014  907E               	bcf	126,0,c	;volatile
   476   001016                     
   477                           ;LEDarray.c: 13:     LATFbits.LATF6 = 0;
   478   001016  9C7E               	bcf	126,6,c	;volatile
   479                           
   480                           ;LEDarray.c: 14:     LATG = 0;
   481   001018  0E00               	movlw	0
   482   00101A  6E7F               	movwf	127,c	;volatile
   483                           
   484                           ;LEDarray.c: 16:     TRISA = 0;
   485   00101C  0E00               	movlw	0
   486   00101E  6E81               	movwf	129,c	;volatile
   487                           
   488                           ;LEDarray.c: 17:  TRISB = 0;
   489   001020  0E00               	movlw	0
   490   001022  6E82               	movwf	130,c	;volatile
   491   001024                     
   492                           ;LEDarray.c: 18:     TRISFbits.TRISF0 = 0;
   493   001024  9086               	bcf	134,0,c	;volatile
   494   001026                     
   495                           ;LEDarray.c: 19:     TRISFbits.TRISF6 = 0;
   496   001026  9C86               	bcf	134,6,c	;volatile
   497                           
   498                           ;LEDarray.c: 20:     TRISG = 0;
   499   001028  0E00               	movlw	0
   500   00102A  6E87               	movwf	135,c	;volatile
   501   00102C                     
   502                           ;LEDarray.c: 22:     TRISFbits.TRISF2=1;
   503   00102C  8486               	bsf	134,2,c	;volatile
   504   00102E                     
   505                           ;LEDarray.c: 23:     ANSELFbits.ANSELF2=0;
   506   00102E  010E               	movlb	14	; () banked
   507   001030  95B4               	bcf	180,2,b	;volatile
   508   001032                     
   509                           ; BSR set to: 14
   510   001032  0012               	return		;funcret
   511   001034                     __end_of_LEDarray_init:
   512                           	callstack 0
   513                           
   514 ;; *************** function _LEDarray_disp_bin *****************
   515 ;; Defined at:
   516 ;;		line 30 in file "LEDarray.c"
   517 ;; Parameters:    Size  Location     Type
   518 ;;  number          2    4[COMRAM] unsigned int 
   519 ;; Auto vars:     Size  Location     Type
   520 ;;		None
   521 ;; Return value:  Size  Location     Type
   522 ;;                  1    wreg      void 
   523 ;; Registers used:
   524 ;;		None
   525 ;; Tracked objects:
   526 ;;		On entry : 0/0
   527 ;;		On exit  : 0/0
   528 ;;		Unchanged: 0/0
   529 ;; Data sizes:     COMRAM   BANK0   BANK1   BANK2   BANK3   BANK4   BANK5   BANK6   BANK7   BANK8   BANK9  BANK10  BANK1
      +1  BANK12  BANK13
   530 ;;      Params:         2       0       0       0       0       0       0       0       0       0       0       0       
      +0       0       0
   531 ;;      Locals:         0       0       0       0       0       0       0       0       0       0       0       0       
      +0       0       0
   532 ;;      Temps:          0       0       0       0       0       0       0       0       0       0       0       0       
      +0       0       0
   533 ;;      Totals:         2       0       0       0       0       0       0       0       0       0       0       0       
      +0       0       0
   534 ;;Total ram usage:        2 bytes
   535 ;; Hardware stack levels used: 1
   536 ;; Hardware stack levels required when called: 2
   537 ;; This function calls:
   538 ;;		Nothing
   539 ;; This function is called by:
   540 ;;		_main
   541 ;;		_LEDarray_disp_PPM
   542 ;; This function uses a non-reentrant model
   543 ;;
   544                           
   545                           	psect	text3
   546   000EDA                     __ptext3:
   547                           	callstack 0
   548   000EDA                     _LEDarray_disp_bin:
   549                           	callstack 28
   550   000EDA                     
   551                           ;LEDarray.c: 30: void LEDarray_disp_bin(unsigned int number);LEDarray.c: 31: {;LEDarray.
      +                          c: 33:  if (number & 1) {LATGbits.LATG0 = 1;} else {LATGbits.LATG0 = 0;}
   552   000EDA  A005               	btfss	LEDarray_disp_bin@number^0,0,c
   553   000EDC  EF72  F007         	goto	u301
   554   000EE0  EF74  F007         	goto	u300
   555   000EE4                     u301:
   556   000EE4  EF77  F007         	goto	l88
   557   000EE8                     u300:
   558   000EE8  807F               	bsf	127,0,c	;volatile
   559   000EEA  EF78  F007         	goto	l89
   560   000EEE                     l88:
   561   000EEE  907F               	bcf	127,0,c	;volatile
   562   000EF0                     l89:
   563                           
   564                           ;LEDarray.c: 34:     if (number & (1 << 1)) {LATGbits.LATG1 = 1;} else {LATGbits.LATG1 =
      +                           0;}
   565   000EF0  A205               	btfss	LEDarray_disp_bin@number^0,1,c
   566   000EF2  EF7D  F007         	goto	u311
   567   000EF6  EF7F  F007         	goto	u310
   568   000EFA                     u311:
   569   000EFA  EF82  F007         	goto	l90
   570   000EFE                     u310:
   571   000EFE  827F               	bsf	127,1,c	;volatile
   572   000F00  EF83  F007         	goto	l91
   573   000F04                     l90:
   574   000F04  927F               	bcf	127,1,c	;volatile
   575   000F06                     l91:
   576                           
   577                           ;LEDarray.c: 35:     if (number & (1 << 2)) {LATAbits.LATA2 = 1;} else {LATAbits.LATA2 =
      +                           0;}
   578   000F06  A405               	btfss	LEDarray_disp_bin@number^0,2,c
   579   000F08  EF88  F007         	goto	u321
   580   000F0C  EF8A  F007         	goto	u320
   581   000F10                     u321:
   582   000F10  EF8D  F007         	goto	l92
   583   000F14                     u320:
   584   000F14  8479               	bsf	121,2,c	;volatile
   585   000F16  EF8E  F007         	goto	l93
   586   000F1A                     l92:
   587   000F1A  9479               	bcf	121,2,c	;volatile
   588   000F1C                     l93:
   589                           
   590                           ;LEDarray.c: 36:     if (number & (1 << 3)) {LATFbits.LATF6 = 1;} else {LATFbits.LATF6 =
      +                           0;}
   591   000F1C  A605               	btfss	LEDarray_disp_bin@number^0,3,c
   592   000F1E  EF93  F007         	goto	u331
   593   000F22  EF95  F007         	goto	u330
   594   000F26                     u331:
   595   000F26  EF98  F007         	goto	l94
   596   000F2A                     u330:
   597   000F2A  8C7E               	bsf	126,6,c	;volatile
   598   000F2C  EF99  F007         	goto	l95
   599   000F30                     l94:
   600   000F30  9C7E               	bcf	126,6,c	;volatile
   601   000F32                     l95:
   602                           
   603                           ;LEDarray.c: 37:     if (number & (1 << 4)) {LATAbits.LATA4 = 1;} else {LATAbits.LATA4 =
      +                           0;}
   604   000F32  A805               	btfss	LEDarray_disp_bin@number^0,4,c
   605   000F34  EF9E  F007         	goto	u341
   606   000F38  EFA0  F007         	goto	u340
   607   000F3C                     u341:
   608   000F3C  EFA3  F007         	goto	l96
   609   000F40                     u340:
   610   000F40  8879               	bsf	121,4,c	;volatile
   611   000F42  EFA4  F007         	goto	l97
   612   000F46                     l96:
   613   000F46  9879               	bcf	121,4,c	;volatile
   614   000F48                     l97:
   615                           
   616                           ;LEDarray.c: 38:     if (number & (1 << 5)) {LATAbits.LATA5 = 1;} else {LATAbits.LATA5 =
      +                           0;}
   617   000F48  AA05               	btfss	LEDarray_disp_bin@number^0,5,c
   618   000F4A  EFA9  F007         	goto	u351
   619   000F4E  EFAB  F007         	goto	u350
   620   000F52                     u351:
   621   000F52  EFAE  F007         	goto	l98
   622   000F56                     u350:
   623   000F56  8A79               	bsf	121,5,c	;volatile
   624   000F58  EFAF  F007         	goto	l99
   625   000F5C                     l98:
   626   000F5C  9A79               	bcf	121,5,c	;volatile
   627   000F5E                     l99:
   628                           
   629                           ;LEDarray.c: 39:     if (number & (1 << 6)) {LATFbits.LATF0 = 1;} else {LATFbits.LATF0 =
      +                           0;}
   630   000F5E  AC05               	btfss	LEDarray_disp_bin@number^0,6,c
   631   000F60  EFB4  F007         	goto	u361
   632   000F64  EFB6  F007         	goto	u360
   633   000F68                     u361:
   634   000F68  EFB9  F007         	goto	l100
   635   000F6C                     u360:
   636   000F6C  807E               	bsf	126,0,c	;volatile
   637   000F6E  EFBA  F007         	goto	l101
   638   000F72                     l100:
   639   000F72  907E               	bcf	126,0,c	;volatile
   640   000F74                     l101:
   641                           
   642                           ;LEDarray.c: 40:     if (number & (1 << 7)) {LATBbits.LATB0 = 1;} else {LATBbits.LATB0 =
      +                           0;}
   643   000F74  AE05               	btfss	LEDarray_disp_bin@number^0,7,c
   644   000F76  EFBF  F007         	goto	u371
   645   000F7A  EFC1  F007         	goto	u370
   646   000F7E                     u371:
   647   000F7E  EFC4  F007         	goto	l102
   648   000F82                     u370:
   649   000F82  807A               	bsf	122,0,c	;volatile
   650   000F84  EFC5  F007         	goto	l103
   651   000F88                     l102:
   652   000F88  907A               	bcf	122,0,c	;volatile
   653   000F8A                     l103:
   654                           
   655                           ;LEDarray.c: 41:     if (number & (1 << 8)) {LATBbits.LATB1 = 1;} else {LATBbits.LATB1 =
      +                           0;}
   656   000F8A  A006               	btfss	(LEDarray_disp_bin@number+1)^0,0,c
   657   000F8C  EFCA  F007         	goto	u381
   658   000F90  EFCC  F007         	goto	u380
   659   000F94                     u381:
   660   000F94  EFCF  F007         	goto	l104
   661   000F98                     u380:
   662   000F98  827A               	bsf	122,1,c	;volatile
   663   000F9A  EFD0  F007         	goto	l106
   664   000F9E                     l104:
   665   000F9E  927A               	bcf	122,1,c	;volatile
   666   000FA0                     l106:
   667   000FA0  0012               	return		;funcret
   668   000FA2                     __end_of_LEDarray_disp_bin:
   669                           	callstack 0
   670                           
   671 ;; *************** function _Interrupts_init *****************
   672 ;; Defined at:
   673 ;;		line 11 in file "interrupts.c"
   674 ;; Parameters:    Size  Location     Type
   675 ;;		None
   676 ;; Auto vars:     Size  Location     Type
   677 ;;		None
   678 ;; Return value:  Size  Location     Type
   679 ;;                  1    wreg      void 
   680 ;; Registers used:
   681 ;;		None
   682 ;; Tracked objects:
   683 ;;		On entry : 0/0
   684 ;;		On exit  : 0/0
   685 ;;		Unchanged: 0/0
   686 ;; Data sizes:     COMRAM   BANK0   BANK1   BANK2   BANK3   BANK4   BANK5   BANK6   BANK7   BANK8   BANK9  BANK10  BANK1
      +1  BANK12  BANK13
   687 ;;      Params:         0       0       0       0       0       0       0       0       0       0       0       0       
      +0       0       0
   688 ;;      Locals:         0       0       0       0       0       0       0       0       0       0       0       0       
      +0       0       0
   689 ;;      Temps:          0       0       0       0       0       0       0       0       0       0       0       0       
      +0       0       0
   690 ;;      Totals:         0       0       0       0       0       0       0       0       0       0       0       0       
      +0       0       0
   691 ;;Total ram usage:        0 bytes
   692 ;; Hardware stack levels used: 1
   693 ;; Hardware stack levels required when called: 2
   694 ;; This function calls:
   695 ;;		Nothing
   696 ;; This function is called by:
   697 ;;		_main
   698 ;; This function uses a non-reentrant model
   699 ;;
   700                           
   701                           	psect	text4
   702   00104A                     __ptext4:
   703                           	callstack 0
   704   00104A                     _Interrupts_init:
   705                           	callstack 28
   706   00104A                     
   707                           ;interrupts.c: 15:     PIE2bits.C1IE = 1;
   708   00104A  010E               	movlb	14	; () banked
   709   00104C  812B               	bsf	43,0,b	;volatile
   710                           
   711                           ;interrupts.c: 16:     IPR2bits.C1IP = 1;
   712   00104E  8121               	bsf	33,0,b	;volatile
   713                           
   714                           ;interrupts.c: 17:     INTCONbits.PEIE = 1;
   715   001050  8CF2               	bsf	242,6,c	;volatile
   716                           
   717                           ;interrupts.c: 18:     INTCONbits.GIE = 1;
   718   001052  8EF2               	bsf	242,7,c	;volatile
   719   001054                     
   720                           ; BSR set to: 14
   721   001054  0012               	return		;funcret
   722   001056                     __end_of_Interrupts_init:
   723                           	callstack 0
   724                           
   725 ;; *************** function _LowISR *****************
   726 ;; Defined at:
   727 ;;		line 36 in file "interrupts.c"
   728 ;; Parameters:    Size  Location     Type
   729 ;;		None
   730 ;; Auto vars:     Size  Location     Type
   731 ;;		None
   732 ;; Return value:  Size  Location     Type
   733 ;;                  1    wreg      void 
   734 ;; Registers used:
   735 ;;		wreg, status,2
   736 ;; Tracked objects:
   737 ;;		On entry : 0/0
   738 ;;		On exit  : 0/0
   739 ;;		Unchanged: 0/0
   740 ;; Data sizes:     COMRAM   BANK0   BANK1   BANK2   BANK3   BANK4   BANK5   BANK6   BANK7   BANK8   BANK9  BANK10  BANK1
      +1  BANK12  BANK13
   741 ;;      Params:         0       0       0       0       0       0       0       0       0       0       0       0       
      +0       0       0
   742 ;;      Locals:         0       0       0       0       0       0       0       0       0       0       0       0       
      +0       0       0
   743 ;;      Temps:          3       0       0       0       0       0       0       0       0       0       0       0       
      +0       0       0
   744 ;;      Totals:         3       0       0       0       0       0       0       0       0       0       0       0       
      +0       0       0
   745 ;;Total ram usage:        3 bytes
   746 ;; Hardware stack levels used: 1
   747 ;; Hardware stack levels required when called: 1
   748 ;; This function calls:
   749 ;;		Nothing
   750 ;; This function is called by:
   751 ;;		Interrupt level 1
   752 ;; This function uses a non-reentrant model
   753 ;;
   754                           
   755                           	psect	intcodelo
   756   000018                     __pintcodelo:
   757                           	callstack 0
   758   000018                     _LowISR:
   759                           	callstack 28
   760                           
   761                           ; BSR set to: 14
   762                           ;incstack = 0
   763   000018  8012               	bsf	int$flags,0,c	;set compiler interrupt flag (level 1)
   764   00001A  CFD8 F002          	movff	status,??_LowISR
   765   00001E  CFE8 F003          	movff	wreg,??_LowISR+1
   766   000022  CFE0 F004          	movff	bsr,??_LowISR+2
   767   000026                     
   768                           ;interrupts.c: 38:     TRISEbits.TRISE7 = 1;
   769   000026  8E85               	bsf	133,7,c	;volatile
   770                           
   771                           ;interrupts.c: 39:     LATEbits.LATE7 = 0;
   772   000028  9E7D               	bcf	125,7,c	;volatile
   773                           
   774                           ;interrupts.c: 40:     if (PIR0bits.TMR0IF == 1) {
   775   00002A  010E               	movlb	14	; () banked
   776   00002C  AB33               	btfss	51,5,b	;volatile
   777   00002E  EF1B  F000         	goto	i1u29_21
   778   000032  EF1D  F000         	goto	i1u29_20
   779   000036                     i1u29_21:
   780   000036  EF24  F000         	goto	i1l172
   781   00003A                     i1u29_20:
   782   00003A                     
   783                           ; BSR set to: 14
   784                           ;interrupts.c: 42:         LATEbits.LATE7 != LATEbits.LATE7;
   785   00003A  507D               	movf	125,w,c	;volatile
   786   00003C  507D               	movf	125,w,c	;volatile
   787   00003E                     
   788                           ; BSR set to: 14
   789                           ;interrupts.c: 44:         TMR0H=00001011;
   790   00003E  0E09               	movlw	9
   791   000040  6ED4               	movwf	212,c	;volatile
   792   000042                     
   793                           ; BSR set to: 14
   794                           ;interrupts.c: 45:         TMR0L=110011011;
   795   000042  0E83               	movlw	131
   796   000044  6ED3               	movwf	211,c	;volatile
   797   000046                     
   798                           ; BSR set to: 14
   799                           ;interrupts.c: 46:         PIR0bits.TMR0IF = 0;
   800   000046  9B33               	bcf	51,5,b	;volatile
   801   000048                     i1l172:
   802                           
   803                           ; BSR set to: 14
   804   000048  C004  FFE0         	movff	??_LowISR+2,bsr
   805   00004C  C003  FFE8         	movff	??_LowISR+1,wreg
   806   000050  C002  FFD8         	movff	??_LowISR,status
   807   000054  9012               	bcf	int$flags,0,c	;clear compiler interrupt flag (level 1)
   808   000056  0010               	retfie	
   809   000058                     __end_of_LowISR:
   810                           	callstack 0
   811                           
   812 ;; *************** function _HighISR *****************
   813 ;; Defined at:
   814 ;;		line 25 in file "interrupts.c"
   815 ;; Parameters:    Size  Location     Type
   816 ;;		None
   817 ;; Auto vars:     Size  Location     Type
   818 ;;		None
   819 ;; Return value:  Size  Location     Type
   820 ;;                  1    wreg      void 
   821 ;; Registers used:
   822 ;;		wreg, status,2, status,0
   823 ;; Tracked objects:
   824 ;;		On entry : 0/0
   825 ;;		On exit  : 0/0
   826 ;;		Unchanged: 0/0
   827 ;; Data sizes:     COMRAM   BANK0   BANK1   BANK2   BANK3   BANK4   BANK5   BANK6   BANK7   BANK8   BANK9  BANK10  BANK1
      +1  BANK12  BANK13
   828 ;;      Params:         0       0       0       0       0       0       0       0       0       0       0       0       
      +0       0       0
   829 ;;      Locals:         0       0       0       0       0       0       0       0       0       0       0       0       
      +0       0       0
   830 ;;      Temps:          1       0       0       0       0       0       0       0       0       0       0       0       
      +0       0       0
   831 ;;      Totals:         1       0       0       0       0       0       0       0       0       0       0       0       
      +0       0       0
   832 ;;Total ram usage:        1 bytes
   833 ;; Hardware stack levels used: 1
   834 ;; This function calls:
   835 ;;		Nothing
   836 ;; This function is called by:
   837 ;;		Interrupt level 2
   838 ;; This function uses a non-reentrant model
   839 ;;
   840                           
   841                           	psect	intcode
   842   000008                     __pintcode:
   843                           	callstack 0
   844   000008                     _HighISR:
   845                           	callstack 28
   846                           
   847                           ; BSR set to: 14
   848                           ;incstack = 0
   849   000008  8212               	bsf	int$flags,1,c	;set compiler interrupt flag (level 2)
   850   00000A  EFD1  F007         	goto	int_func
   851                           
   852                           	psect	intcode_body
   853   000FA2                     __pintcode_body:
   854                           	callstack 28
   855   000FA2                     int_func:
   856                           	callstack 28
   857   000FA2                     
   858                           ;interrupts.c: 28:     if (PIR2bits.C1IF == 1) {
   859   000FA2  010E               	movlb	14	; () banked
   860   000FA4  A135               	btfss	53,0,b	;volatile
   861   000FA6  EFD7  F007         	goto	i2u26_41
   862   000FAA  EFD9  F007         	goto	i2u26_40
   863   000FAE                     i2u26_41:
   864   000FAE  EFED  F007         	goto	i2l164
   865   000FB2                     i2u26_40:
   866   000FB2                     
   867                           ; BSR set to: 14
   868                           ;interrupts.c: 29:     LATHbits.LATH3 = !LATHbits.LATH3;
   869   000FB2  A680               	btfss	128,3,c	;volatile
   870   000FB4  EFDE  F007         	goto	i2u27_41
   871   000FB8  EFE2  F007         	goto	i2u27_40
   872   000FBC                     i2u27_41:
   873   000FBC  6A01               	clrf	??_HighISR^0,c
   874   000FBE  2A01               	incf	??_HighISR^0,f,c
   875   000FC0  EFE3  F007         	goto	i2u28_48
   876   000FC4                     i2u27_40:
   877   000FC4  6A01               	clrf	??_HighISR^0,c
   878   000FC6                     i2u28_48:
   879   000FC6  4601               	rlncf	??_HighISR^0,f,c
   880   000FC8  4601               	rlncf	??_HighISR^0,f,c
   881   000FCA  4601               	rlncf	??_HighISR^0,f,c
   882   000FCC  5080               	movf	128,w,c	;volatile
   883   000FCE  1801               	xorwf	??_HighISR^0,w,c
   884   000FD0  0BF7               	andlw	-9
   885   000FD2  1801               	xorwf	??_HighISR^0,w,c
   886   000FD4  6E80               	movwf	128,c	;volatile
   887   000FD6                     
   888                           ;interrupts.c: 30:         PIR2bits.C1IF = 0;
   889   000FD6  010E               	movlb	14	; () banked
   890   000FD8  9135               	bcf	53,0,b	;volatile
   891   000FDA                     i2l164:
   892                           
   893                           ; BSR set to: 14
   894   000FDA  9212               	bcf	int$flags,1,c	;clear compiler interrupt flag (level 2)
   895   000FDC  0011               	retfie		f
   896   000FDE                     __end_of_HighISR:
   897                           	callstack 0
   898                           
   899                           	psect	smallconst
   900   000E00                     __psmallconst:
   901                           	callstack 0
   902   000E00  00                 	db	0
   903   000E01  00                 	db	0	; dummy byte at the end
   904   000000                     
   905                           	psect	rparam
   906   000000                     
   907                           	psect	temp
   908   000012                     btemp:
   909                           	callstack 0
   910   000012                     	ds	1
   911   000000                     int$flags	set	btemp
   912   000000                     wtemp8	set	btemp+1
   913   000000                     ttemp5	set	btemp+1
   914   000000                     ttemp6	set	btemp+4
   915   000000                     ttemp7	set	btemp+8
   916                           
   917                           	psect	config
   918                           
   919                           ;Config register CONFIG1L @ 0x300000
   920                           ;	External Oscillator mode Selection bits
   921                           ;	FEXTOSC = HS, HS (crystal oscillator) above 8 MHz; PFM set to high power
   922                           ;	Power-up default value for COSC bits
   923                           ;	RSTOSC = EXTOSC_4PLL, EXTOSC with 4x PLL, with EXTOSC operating per FEXTOSC bits
   924   300000                     	org	3145728
   925   300000  AA                 	db	170
   926                           
   927                           ;Config register CONFIG1H @ 0x300001
   928                           ;	unspecified, using default values
   929                           ;	Clock Out Enable bit
   930                           ;	CLKOUTEN = 0x1, unprogrammed default
   931                           ;	Clock Switch Enable bit
   932                           ;	CSWEN = 0x1, unprogrammed default
   933                           ;	Fail-Safe Clock Monitor Enable bit
   934                           ;	FCMEN = 0x1, unprogrammed default
   935   300001                     	org	3145729
   936   300001  FF                 	db	255
   937                           
   938                           ;Config register CONFIG3L @ 0x300004
   939                           ;	WDT Period Select bits
   940                           ;	WDTCPS = 0x1F, unprogrammed default
   941                           ;	WDT operating mode
   942                           ;	WDTE = OFF, WDT Disabled
   943   300004                     	org	3145732
   944   300004  9F                 	db	159
   945                           
   946                           ;Config register CONFIG3H @ 0x300005
   947                           ;	unspecified, using default values
   948                           ;	WDT Window Select bits
   949                           ;	WDTCWS = 0x7, unprogrammed default
   950                           ;	WDT input clock selector
   951                           ;	WDTCCS = 0x7, unprogrammed default
   952   300005                     	org	3145733
   953   300005  FF                 	db	255
   954                           tosu	equ	0xFFF
   955                           tosh	equ	0xFFE
   956                           tosl	equ	0xFFD
   957                           stkptr	equ	0xFFC
   958                           pclatu	equ	0xFFB
   959                           pclath	equ	0xFFA
   960                           pcl	equ	0xFF9
   961                           tblptru	equ	0xFF8
   962                           tblptrh	equ	0xFF7
   963                           tblptrl	equ	0xFF6
   964                           tablat	equ	0xFF5
   965                           prodh	equ	0xFF4
   966                           prodl	equ	0xFF3
   967                           indf0	equ	0xFEF
   968                           postinc0	equ	0xFEE
   969                           postdec0	equ	0xFED
   970                           preinc0	equ	0xFEC
   971                           plusw0	equ	0xFEB
   972                           fsr0h	equ	0xFEA
   973                           fsr0l	equ	0xFE9
   974                           wreg	equ	0xFE8
   975                           indf1	equ	0xFE7
   976                           postinc1	equ	0xFE6
   977                           postdec1	equ	0xFE5
   978                           preinc1	equ	0xFE4
   979                           plusw1	equ	0xFE3
   980                           fsr1h	equ	0xFE2
   981                           fsr1l	equ	0xFE1
   982                           bsr	equ	0xFE0
   983                           indf2	equ	0xFDF
   984                           postinc2	equ	0xFDE
   985                           postdec2	equ	0xFDD
   986                           preinc2	equ	0xFDC
   987                           plusw2	equ	0xFDB
   988                           fsr2h	equ	0xFDA
   989                           fsr2l	equ	0xFD9
   990                           status	equ	0xFD8

Data Sizes:
    Strings     0
    Constant    0
    Data        0
    BSS         6
    Persistent  0
    Stack       0

Auto Spaces:
    Space          Size  Autos    Used
    COMRAM           94     11      17
    BANK0           160      0       0
    BANK1           256      0       0
    BANK2           256      0       0
    BANK3           256      0       0
    BANK4           256      0       0
    BANK5           256      0       0
    BANK6           256      0       0
    BANK7           256      0       0
    BANK8           256      0       0
    BANK9           256      0       0
    BANK10          256      0       0
    BANK11          256      0       0
    BANK12          256      0       0
    BANK13          234      0       0

Pointer List with Targets:

    None.

Critical Paths under _main in COMRAM

    _main->_LEDarray_disp_bin

Critical Paths under _LowISR in COMRAM

    None.

Critical Paths under _HighISR in COMRAM

    None.

Critical Paths under _main in BANK0

    None.

Critical Paths under _LowISR in BANK0

    None.

Critical Paths under _HighISR in BANK0

    None.

Critical Paths under _main in BANK1

    None.

Critical Paths under _LowISR in BANK1

    None.

Critical Paths under _HighISR in BANK1

    None.

Critical Paths under _main in BANK2

    None.

Critical Paths under _LowISR in BANK2

    None.

Critical Paths under _HighISR in BANK2

    None.

Critical Paths under _main in BANK3

    None.

Critical Paths under _LowISR in BANK3

    None.

Critical Paths under _HighISR in BANK3

    None.

Critical Paths under _main in BANK4

    None.

Critical Paths under _LowISR in BANK4

    None.

Critical Paths under _HighISR in BANK4

    None.

Critical Paths under _main in BANK5

    None.

Critical Paths under _LowISR in BANK5

    None.

Critical Paths under _HighISR in BANK5

    None.

Critical Paths under _main in BANK6

    None.

Critical Paths under _LowISR in BANK6

    None.

Critical Paths under _HighISR in BANK6

    None.

Critical Paths under _main in BANK7

    None.

Critical Paths under _LowISR in BANK7

    None.

Critical Paths under _HighISR in BANK7

    None.

Critical Paths under _main in BANK8

    None.

Critical Paths under _LowISR in BANK8

    None.

Critical Paths under _HighISR in BANK8

    None.

Critical Paths under _main in BANK9

    None.

Critical Paths under _LowISR in BANK9

    None.

Critical Paths under _HighISR in BANK9

    None.

Critical Paths under _main in BANK10

    None.

Critical Paths under _LowISR in BANK10

    None.

Critical Paths under _HighISR in BANK10

    None.

Critical Paths under _main in BANK11

    None.

Critical Paths under _LowISR in BANK11

    None.

Critical Paths under _HighISR in BANK11

    None.

Critical Paths under _main in BANK12

    None.

Critical Paths under _LowISR in BANK12

    None.

Critical Paths under _HighISR in BANK12

    None.

Critical Paths under _main in BANK13

    None.

Critical Paths under _LowISR in BANK13

    None.

Critical Paths under _HighISR in BANK13

    None.

Call Graph Tables:

 ---------------------------------------------------------------------------------
 (Depth) Function   	        Calls       Base Space   Used Autos Params    Refs
 ---------------------------------------------------------------------------------
 (0) _main                                                 5     5      0     464
                                              6 COMRAM     5     5      0
                    _Interrupts_init
                  _LEDarray_disp_bin
                      _LEDarray_init
                        _Timer0_init
 ---------------------------------------------------------------------------------
 (1) _Timer0_init                                          0     0      0       0
 ---------------------------------------------------------------------------------
 (1) _LEDarray_init                                        0     0      0       0
 ---------------------------------------------------------------------------------
 (1) _LEDarray_disp_bin                                    2     0      2     350
                                              4 COMRAM     2     0      2
 ---------------------------------------------------------------------------------
 (1) _Interrupts_init                                      0     0      0       0
 ---------------------------------------------------------------------------------
 Estimated maximum stack depth 1
 ---------------------------------------------------------------------------------
 (Depth) Function   	        Calls       Base Space   Used Autos Params    Refs
 ---------------------------------------------------------------------------------
 (2) _LowISR                                               3     3      0       0
                                              1 COMRAM     3     3      0
 ---------------------------------------------------------------------------------
 Estimated maximum stack depth 2
 ---------------------------------------------------------------------------------
 (Depth) Function   	        Calls       Base Space   Used Autos Params    Refs
 ---------------------------------------------------------------------------------
 (3) _HighISR                                              1     1      0       0
                                              0 COMRAM     1     1      0
 ---------------------------------------------------------------------------------
 Estimated maximum stack depth 3
 ---------------------------------------------------------------------------------

 Call Graph Graphs:

 _main (ROOT)
   _Interrupts_init
   _LEDarray_disp_bin
   _LEDarray_init
   _Timer0_init

 _LowISR (ROOT)

 _HighISR (ROOT)

 Address spaces:
Name               Size   Autos  Total    Cost      Usage
BIGRAM             DE9      0       0      49        0.0%
EEDATA             400      0       0       0        0.0%
BITBANK12          100      0       0      28        0.0%
BANK12             100      0       0      29        0.0%
BITBANK11          100      0       0      26        0.0%
BANK11             100      0       0      27        0.0%
BITBANK10          100      0       0      24        0.0%
BANK10             100      0       0      25        0.0%
BITBANK9           100      0       0      22        0.0%
BANK9              100      0       0      23        0.0%
BITBANK8           100      0       0      20        0.0%
BANK8              100      0       0      21        0.0%
BITBANK7           100      0       0      18        0.0%
BANK7              100      0       0      19        0.0%
BITBANK6           100      0       0      16        0.0%
BANK6              100      0       0      17        0.0%
BITBANK5           100      0       0      14        0.0%
BANK5              100      0       0      15        0.0%
BITBANK4           100      0       0      12        0.0%
BANK4              100      0       0      13        0.0%
BITBANK3           100      0       0      10        0.0%
BANK3              100      0       0      11        0.0%
BITBANK2           100      0       0       8        0.0%
BANK2              100      0       0       9        0.0%
BITBANK1           100      0       0       6        0.0%
BANK1              100      0       0       7        0.0%
BITBANK13           EA      0       0      30        0.0%
BANK13              EA      0       0      31        0.0%
BITBIGSFRllhhlh     A5      0       0      38        0.0%
BITBANK0            A0      0       0       4        0.0%
BANK0               A0      0       0       5        0.0%
BITBIGSFRllhhll     7E      0       0      41        0.0%
BITCOMRAM           5E      0       0       0        0.0%
COMRAM              5E      B      11       1       18.1%
BITBIGSFRhhhl       45      0       0      34        0.0%
BITBIGSFRllll       30      0       0      47        0.0%
BITBIGSFRhhhhl      1B      0       0      33        0.0%
BITBIGSFRllhhlh     11      0       0      40        0.0%
BITBIGSFRhhhhh       D      0       0      32        0.0%
BITBIGSFRllhhlh      8      0       0      39        0.0%
BITBIGSFRlllhh       7      0       0      45        0.0%
BITBIGSFRllhlh       7      0       0      43        0.0%
BITBIGSFRhhl         4      0       0      35        0.0%
BITBIGSFRllhhh       2      0       0      37        0.0%
BITBIGSFRlhh         2      0       0      36        0.0%
BITBIGSFRlllhl       1      0       0      46        0.0%
BITBIGSFRllhhll      1      0       0      42        0.0%
BITBIGSFRllhll       1      0       0      44        0.0%
BIGSFR               0      0       0     200        0.0%
BITSFR_3             0      0       0     200        0.0%
SFR_3                0      0       0     200        0.0%
BITSFR_2             0      0       0     200        0.0%
SFR_2                0      0       0     200        0.0%
BITSFR_1             0      0       0     200        0.0%
SFR_1                0      0       0     200        0.0%
BITSFR               0      0       0     200        0.0%
SFR                  0      0       0     200        0.0%
STACK                0      0       0       2        0.0%
NULL                 0      0       0       0        0.0%
ABS                  0      0      11      48        0.0%
DATA                 0      0      11       3        0.0%
CODE                 0      0       0       0        0.0%


Microchip Technology PIC18 Macro Assembler V2.45 build 20230818022343 
Symbol Table                                                                                   Tue Feb 06 19:15:59 2024

                       l51 100A                         l28 0ED0                         l90 0F04  
                       l91 0F06                         l92 0F1A                         l93 0F1C  
                       l85 1032                         l94 0F30                         l95 0F32  
                       l96 0F46                         l88 0EEE                         l97 0F48  
                       l89 0EF0                         l98 0F5C                         l99 0F5E  
                       bsr 0FE0          ??_Interrupts_init 0005                        l100 0F72  
                      l101 0F74                        l102 0F88                        l103 0F8A  
                      l104 0F9E                        l106 0FA0                        l158 1054  
                      l900 102C                        l902 102E                        l870 0FDE  
                      l880 0FF8                        l872 0FE6                        l890 100C  
                      l882 0FFA                        l874 0FF0                        l868 104A  
                      l892 1014                        l884 0FFC                        l876 0FF2  
                      l894 1016                        l886 0FFE                        l878 0FF6  
                      l896 1024                        l888 1008                        l898 1026  
                      u300 0EE8                        u301 0EE4                        u310 0EFE  
                      u311 0EFA                        u320 0F14                        u400 0E3A  
                      u321 0F10                        u401 0E34                        u330 0F2A  
                      u410 0E4C                        u402 0E3C                        u331 0F26  
                      u411 0E48                        u340 0F40                        u420 0E64  
                      u341 0F3C                        u421 0E60                        u350 0F56  
                      u430 0E8E                        u351 0F52                        u431 0E8A  
                      u360 0F6C                        u440 0EA4                        u361 0F68  
                      u441 0EA0                        u370 0F82                        u450 0ECA  
                      u371 0F7E                        u451 0EC6                        u380 0F98  
                      u381 0F94                        u390 0E26                        u391 0E20  
                      u392 0E28                        wreg 0FE8                       l1100 0EB8  
                     l1102 0ECA                       l1060 0F14                       l1070 0F82  
                     l1062 0F2A                       l1054 0EDA                       l1072 0F98  
                     l1064 0F40                       l1056 0EE8                       l1080 0E12  
                     l1066 0F56                       l1058 0EFE                       l1090 0E6C  
                     l1082 0E16                       l1074 0E02                       l1068 0F6C  
                     l1092 0E78                       l1084 0E4C                       l1076 0E0A  
                     l1094 0E8E                       l1086 0E50                       l1078 0E0E  
                     l1096 0EA4                       l1088 0E64                       l1098 0EB0  
                     _LATA 0F79                       _LATB 0F7A                       _LATG 0F7F  
                     _main 0E02                       _hour 0010                       btemp 0012  
                     start 0058            __end_of_HighISR 0FDE               ___param_bank 0000  
                    ?_main 0001                      i1l172 0048                      i2l164 0FDA  
                    _TMR0H 0FD4                      _TMR0L 0FD3                      _TRISA 0F81  
                    _TRISB 0F82                      _TRISG 0F87                      ttemp5 0013  
                    ttemp6 0016                      ttemp7 001A                      status 0FD8  
                    wtemp8 0013            __initialization 1034               __end_of_main 0EDA  
                   ??_main 0007              __activetblptr 0000                     i1l1030 0026  
                   i1l1032 003A                     i1l1034 003E                     i1l1036 0042  
                   i1l1038 0046                     i2l1024 0FA2                     i2l1026 0FB2  
                   i2l1028 0FD6                  ??_HighISR 0001          _LEDarray_disp_bin 0EDA  
                   _LowISR 0018         ?_LEDarray_disp_bin 0005              ??_Timer0_init 0005  
      ??_LEDarray_disp_bin 0007                     isa$std 0001               __mediumconst 0000  
__end_of_LEDarray_disp_bin 0FA2                 __accesstop 0060    __end_of__initialization 1040  
            ___rparam_used 0001              _LEDarray_init 100C            _Interrupts_init 104A  
           __pcstackCOMRAM 0001        __end_of_Timer0_init 100C             ?_LEDarray_init 0001  
                  ?_LowISR 0001                    i1u29_20 003A                    i1u29_21 0036  
                  i2u26_40 0FB2                    i2u26_41 0FAE                    i2u27_40 0FC4  
                  i2u27_41 0FBC                    i2u28_48 0FC6    __end_of_Interrupts_init 1056  
                  _HighISR 0008                    __Hparam 0000                    __Lparam 0000  
              _Timer0_init 0FDE               __psmallconst 0E00                    __pcinit 1034  
                  __ramtop 0E00                    __ptext0 0E02                    __ptext1 0FDE  
                  __ptext2 100C                    __ptext3 0EDA                    __ptext4 104A  
           __pintcode_body 0FA2       end_of_initialization 1040            ??_LEDarray_init 0005  
                  int_func 0FA2                  _PORTEbits 0F8D                  _TRISEbits 0F85  
                _TRISFbits 0F86                  _TRISHbits 0F88                _CM1CON0bits 0ED0  
              _CM1CON1bits 0ED1           ?_Interrupts_init 0001             __end_of_LowISR 0058  
      start_initialization 1034                   ??_LowISR 0002                __pbssCOMRAM 000C  
                 ?_HighISR 0001               ?_Timer0_init 0001                  __pintcode 0008  
              __pintcodelo 0018                __smallconst 0E00                   _LATAbits 0F79  
                 _LATBbits 0F7A                   _LATEbits 0F7D                   _LATFbits 0F7E  
                 _LATGbits 0F7F                   _LATHbits 0F80                   _IPR0bits 0E1F  
                 _IPR2bits 0E21                   _PIE0bits 0E29                   _PIE2bits 0E2B  
                 _PIR0bits 0E33                   _PIR2bits 0E35            main@light_state 0008  
               _CM1NCHbits 0ED2                 _CM1PCHbits 0ED3      __end_of_LEDarray_init 1034  
                 __Hrparam 0000                   __Lrparam 0000                 _ANSELFbits 0EB4  
               _T0CON0bits 0FD5                 _T0CON1bits 0FD6    LEDarray_disp_bin@number 0005  
                 isa$xinst 0000                   int$flags 0012                   main@hour 000A  
               _INTCONbits 0FF2                   intlevel1 0000                   intlevel2 0000  
             _DAC1CON0bits 0EC6               _DAC1CON1bits 0EC7    calc_max_PPM@loopCounter 000C  
